build/app/outputs/mapping/release/seeds.txt
com.harshMane.secureSphere.MainActivity
com.harshMane.secureSphere.MainActivity: MainActivity()
...
com.google.android.gms.internal.ads.zzfcc: zzfcc()
androidx.core.app.NotificationCompat$CallStyle$Api21Impl: android.app.Notification$Builder addPerson(android.app.Notification$Builder,java.lang.String)
androidx.core.app.NotificationCompat$BigPictureStyle$Api31Impl: void showBigPictureWhenCollapsed(android.app.Notification$BigPictureStyle,boolean)
androidx.appcompat.widget.AppCompatEditText: android.text.Editable getText()
androidx.appcompat.widget.ActionBarOverlayLayout: void setShowingForActionMode(boolean)
androidx.core.app.NotificationCompatBuilder$Api23Impl: android.app.Notification$Builder setSmallIcon(android.app.Notification$Builder,java.lang.Object)
com.google.android.gms.internal.ads.zzgxg: zzgxg()
androidx.core.view.WindowInsetsCompat$Impl29: WindowInsetsCompat$Impl29(androidx.core.view.WindowInsetsCompat,androidx.core.view.WindowInsetsCompat$Impl29)
kotlin.jvm.internal.TypeIntrinsics: TypeIntrinsics()
io.flutter.embedding.android.FlutterView: io.flutter.embedding.android.FlutterImageView getCurrentImageSurface()
androidx.appcompat.widget.AppCompatImageView: android.graphics.PorterDuff$Mode getSupportImageTintMode()
io.flutter.plugin.editing.ImeSyncDeferringInsetsCallback$AnimationCallback: ImeSyncDeferringInsetsCallback$AnimationCallback(io.flutter.plugin.editing.ImeSyncDeferringInsetsCallback)
androidx.appcompat.widget.ActionBarContainer: void setTransitioning(boolean)
androidx.core.view.WindowInsetsCompat$Impl: boolean isConsumed()
com.google.android.gms.internal.ads.zzbbq$zzbl$zza: zzbbq$zzbl$zza()
androidx.activity.Api34Impl: int swipeEdge(android.window.BackEvent)
com.google.android.gms.ads.mediation.MediationNativeAdapter: void onDestroy()
androidx.appcompat.widget.AbsActionBarView: int getContentHeight()
com.google.android.gms.ads.nativead.MediaView: void setMediaContent(com.google.android.gms.ads.MediaContent)
androidx.core.view.ViewCompat$Api30Impl: void setStateDescription(android.view.View,java.lang.CharSequence)
androidx.window.area.reflectionguard.WindowAreaComponentApi3Requirements: android.util.DisplayMetrics getRearDisplayMetrics()
androidx.constraintlayout.motion.widget.MotionHelper: float getProgress()
org.chromium.support_lib_boundary.WebViewProviderBoundaryInterface: java.lang.reflect.InvocationHandler getWebViewRendererClient()
androidx.constraintlayout.motion.widget.MotionLayout: void setOnShow(float)
io.flutter.embedding.engine.FlutterJNI: void nativeSetSemanticsEnabled(long,boolean)
io.flutter.embedding.engine.renderer.FlutterRenderer$ImageReaderSurfaceProducer: int getHeight()
androidx.appcompat.widget.Toolbar: void setSubtitleTextColor(int)
androidx.work.ListenableWorker: void setRunInForeground(boolean)
com.google.android.gms.ads.MobileAdsInitProvider: MobileAdsInitProvider()
de.blinkt.openvpn.core.NativeUtils: java.lang.String getJNIAPI()
org.chromium.support_lib_boundary.WebResourceErrorBoundaryInterface: java.lang.CharSequence getDescription()
com.google.android.gms.ads.search.SearchAdView: com.google.android.gms.ads.AdListener getAdListener()
androidx.appcompat.widget.AppCompatCheckBox: void setBackgroundResource(int)
androidx.core.app.RemoteActionCompatParcelizer: androidx.core.app.RemoteActionCompat read(androidx.versionedparcelable.VersionedParcel)
androidx.work.impl.utils.futures.DirectExecutor: androidx.work.impl.utils.futures.DirectExecutor valueOf(java.lang.String)
androidx.constraintlayout.motion.widget.MotionHelper: void setProgress(float)
androidx.fragment.app.strictmode.FragmentStrictMode$Flag: androidx.fragment.app.strictmode.FragmentStrictMode$Flag[] values()
com.google.android.gms.internal.ads.zzaym: zzaym()
com.google.android.gms.internal.ads.zzfhl: zzfhl()
androidx.core.view.ViewCompat$Api29Impl: void setContentCaptureSession(android.view.View,androidx.core.view.contentcapture.ContentCaptureSessionCompat)
androidx.room.RoomDatabase$Callback: RoomDatabase$Callback()
de.blinkt.openvpn.core.NativeUtils: byte[] rsasign(byte[],int,boolean)