build/app/outputs/mapping/release/usage.txt
com.harshMane.secureSphere.BuildConfig
com.harshMane.secureSphere.MainActivity:
    private static final java.lang.String EVENT_CHANNEL_VPN_STAGE
    private static final java.lang.String EVENT_CHANNEL_VPN_STATUS
    private static final java.lang.String METHOD_CHANNEL_VPN_CONTROL
    private static final java.lang.String TAG
    private static final int VPN_REQUEST_ID
com.harshMane.secureSphere.R$anim
com.harshMane.secureSphere.R$animator
com.harshMane.secureSphere.R$array
com.harshMane.secureSphere.R$attr
com.harshMane.secureSphere.R$bool
com.harshMane.secureSphere.R$color
com.harshMane.secureSphere.R$dimen
com.harshMane.secureSphere.R$drawable
com.harshMane.secureSphere.R$id
com.harshMane.secureSphere.R$integer
com.harshMane.secureSphere.R$interpolator
com.harshMane.secureSphere.R$layout
com.harshMane.secureSphere.R$mipmap
com.harshMane.secureSphere.R$plurals
com.harshMane.secureSphere.R$raw
com.harshMane.secureSphere.R$string
com.harshMane.secureSphere.R$style
com.harshMane.secureSphere.R$styleable
com.harshMane.secureSphere.R$xml
com.harshMane.secureSphere.R
com.harshMane.secureSphere.MainActivity$$InternalSyntheticLambda$1$86327313e0add0ff78b51c2e557b27281d3070d72dab94d69b8f26e90e83d76d$0
com.harshMane.secureSphere.MainActivity:
    public static synthetic io.flutter.plugin.common.EventChannel$EventSink access$100()
    public static boolean isConnected()
    public static void prepareVPN()
    public static void updateVPNStages()
    public static void updateVPNStatus()
...
com.google.firebase.ktx.FirebaseKt
com.google.firebase.logger.Logger$AndroidLogger$WhenMappings
com.google.firebase.logger.Logger$AndroidLogger
com.google.firebase.logger.Logger$Companion
com.google.firebase.logger.Logger$FakeLogger
com.google.firebase.logger.Logger$Level
com.google.firebase.logger.Logger
com.google.firebase.platforminfo.GlobalLibraryVersionRegistrar:
    public void registerVersion(java.lang.String,java.lang.String)
com.google.firebase.platforminfo.KotlinDetector:
    private void <init>()
com.google.firebase.platforminfo.LibraryVersionComponent:
    private void <init>()
com.google.firebase.provider.FirebaseInitProvider:
    static final java.lang.String EMPTY_APPLICATION_ID_PROVIDER_AUTHORITY
    private static final java.lang.String TAG
com.google.firebase.tracing.FirebaseTrace:
    private void <init>()
com.google.firebase.util.RandomUtilKt
com.google.j2objc.annotations.AutoreleasePool
com.google.j2objc.annotations.J2ObjCIncompatible
com.google.j2objc.annotations.LoopTranslation$LoopStyle
com.google.j2objc.annotations.LoopTranslation
com.google.j2objc.annotations.ObjectiveCName
com.google.j2objc.annotations.Property
com.google.j2objc.annotations.ReflectionSupport$Level
com.google.j2objc.annotations.ReflectionSupport
com.google.j2objc.annotations.RetainedLocalRef
com.google.j2objc.annotations.RetainedWith
com.google.j2objc.annotations.Weak
com.google.j2objc.annotations.WeakOuter
com.google.thirdparty.publicsuffix.PublicSuffixPatterns
com.google.thirdparty.publicsuffix.PublicSuffixType
com.google.thirdparty.publicsuffix.TrieParser
de.blinkt.openvpn.BuildConfig
de.blinkt.openvpn.FileProvider
de.blinkt.openvpn.LaunchVPN$1
de.blinkt.openvpn.LaunchVPN$2
de.blinkt.openvpn.LaunchVPN$3
de.blinkt.openvpn.LaunchVPN$4
de.blinkt.openvpn.LaunchVPN$5
de.blinkt.openvpn.LaunchVPN$6
de.blinkt.openvpn.LaunchVPN$7
de.blinkt.openvpn.LaunchVPN
de.blinkt.openvpn.OnBootReceiver
de.blinkt.openvpn.OpenVpnApi
de.blinkt.openvpn.R$anim
de.blinkt.openvpn.R$array
de.blinkt.openvpn.R$attr
de.blinkt.openvpn.R$bool
de.blinkt.openvpn.R$color
de.blinkt.openvpn.R$dimen
de.blinkt.openvpn.R$drawable:
    public static final int abc_ab_share_pack_mtrl_alpha
    public static final int abc_action_bar_item_background_material
    public static final int abc_btn_borderless_material
    public static final int abc_btn_check_material
    public static final int abc_btn_check_material_anim
    public static final int abc_btn_check_to_on_mtrl_000
    public static final int abc_btn_check_to_on_mtrl_015
    public static final int abc_btn_colored_material
    public static final int abc_btn_default_mtrl_shape
    public static final int abc_btn_radio_material
    public static final int abc_btn_radio_material_anim
    public static final int abc_btn_radio_to_on_mtrl_000
    public static final int abc_btn_radio_to_on_mtrl_015
    public static final int abc_btn_switch_to_on_mtrl_00001
    public static final int abc_btn_switch_to_on_mtrl_00012
    public static final int abc_cab_background_internal_bg
    public static final int abc_cab_background_top_material
    public static final int abc_cab_background_top_mtrl_alpha
    public static final int abc_control_background_material
    public static final int abc_dialog_material_background
    public static final int abc_edit_text_material
    public static final int abc_ic_ab_back_material
    public static final int abc_ic_arrow_drop_right_black_24dp
    public static final int abc_ic_clear_material
    public static final int abc_ic_commit_search_api_mtrl_alpha
de.blinkt.openvpn.R$id
de.blinkt.openvpn.R$integer
de.blinkt.openvpn.R$interpolator
de.blinkt.openvpn.R$layout
de.blinkt.openvpn.R$plurals